This file contains any messages produced by compilers while
running configure, to aid debugging if configure makes a mistake.

It was created by Berkeley DB configure 4.7.25, which was
generated by GNU Autoconf 2.61.  Invocation command line was

  $ ../dist/configure --disable-java --disable-shared --prefix=/usr docdir=/usr/BerkeleyDB/docs

## --------- ##
## Platform. ##
## --------- ##

hostname = ARI-PAVILION
uname -m = x86_64
uname -r = 19.6.0
uname -s = Darwin
uname -v = Darwin Kernel Version 19.6.0: Sun Jul  5 00:43:10 PDT 2020; root:xnu-6153.141.1~9/RELEASE_X86_64

/usr/bin/uname -p = i386
/bin/uname -X     = unknown

/bin/arch              = unknown
/usr/bin/arch -k       = unknown
/usr/convex/getsysinfo = unknown
/usr/bin/hostinfo      = Mach kernel version:
	 Darwin Kernel Version 19.6.0: Sun Jul  5 00:43:10 PDT 2020; root:xnu-6153.141.1~9/RELEASE_X86_64
Kernel configured for up to 12 processors.
6 processors are physically available.
12 processors are logically available.
Processor type: x86_64h (Intel x86-64h Haswell)
Processors active: 0 1 2 3 4 5 6 7 8 9 10 11
Primary memory available: 12.00 gigabytes
Default processor set: 336 tasks, 1516 threads, 12 processors
Load average: 1.61, Mach factor: 10.38
/bin/machine           = unknown
/usr/bin/oslevel       = unknown
/bin/universe          = unknown

PATH: /Users/ariel/.cargo/bin
PATH: /Users/ariel/.cargo/bin
PATH: /Users/ariel/bin
PATH: /Users/ariel/private-bin
PATH: /usr/local/bin
PATH: /usr/bin
PATH: /bin
PATH: /usr/sbin
PATH: /sbin
PATH: /Library/Apple/usr/bin


## ----------- ##
## Core tests. ##
## ----------- ##

configure:2074: checking build system type
configure:2092: result: i386-apple-darwin19.6.0
configure:2114: checking host system type
configure:2129: result: i386-apple-darwin19.6.0
configure:2166: checking if building in the top-level or dist directories
configure:2169: result: yes
configure:2174: error: Berkeley DB should not be built in the top-level or "dist" directories. Change directory to the build_unix directory and run ../dist/configure from there.

## ---------------- ##
## Cache variables. ##
## ---------------- ##

ac_cv_build=i386-apple-darwin19.6.0
ac_cv_env_CCC_set=
ac_cv_env_CCC_value=
ac_cv_env_CC_set=
ac_cv_env_CC_value=
ac_cv_env_CFLAGS_set=
ac_cv_env_CFLAGS_value=
ac_cv_env_CPPFLAGS_set=
ac_cv_env_CPPFLAGS_value=
ac_cv_env_CPP_set=
ac_cv_env_CPP_value=
ac_cv_env_CXXCPP_set=
ac_cv_env_CXXCPP_value=
ac_cv_env_CXXFLAGS_set=
ac_cv_env_CXXFLAGS_value=
ac_cv_env_CXX_set=
ac_cv_env_CXX_value=
ac_cv_env_F77_set=
ac_cv_env_F77_value=
ac_cv_env_FFLAGS_set=
ac_cv_env_FFLAGS_value=
ac_cv_env_LDFLAGS_set=
ac_cv_env_LDFLAGS_value=
ac_cv_env_LIBS_set=
ac_cv_env_LIBS_value=
ac_cv_env_build_alias_set=
ac_cv_env_build_alias_value=
ac_cv_env_host_alias_set=
ac_cv_env_host_alias_value=
ac_cv_env_target_alias_set=
ac_cv_env_target_alias_value=
ac_cv_host=i386-apple-darwin19.6.0

## ----------------- ##
## Output variables. ##
## ----------------- ##

ADDITIONAL_INCS=''
ADDITIONAL_LANG=''
ADDITIONAL_OBJS=''
ADDITIONAL_PROGS=''
AR=''
BUILD_TARGET=''
CC=''
CCC=''
CFLAGS=''
CHMOD=''
CONFIGURATION_ARGS=''
CONFIGURATION_PATH=''
CP=''
CPP=''
CPPFLAGS=''
CRYPTO_OBJS=''
CXX=''
CXXCPP=''
CXXFLAGS=''
DB_CONST=''
DB_PROTO1=''
DB_PROTO2=''
DB_VERSION_MAJOR=''
DB_VERSION_MINOR=''
DB_VERSION_PATCH=''
DB_VERSION_STRING=''
DB_VERSION_UNIQUE_NAME=''
DEFAULT_LIB=''
DEFAULT_LIB_CXX=''
DEFS=''
ECHO='/bin/echo'
ECHO_C='ECHO_N=''
ECHO_T=''
EGREP=''
EXEEXT=''
F77=''
FFLAGS=''
FILE_t_decl=''
GREP=''
INSTALLER=''
INSTALL_DATA=''
INSTALL_LIBS=''
INSTALL_PROGRAM=''
INSTALL_SCRIPT=''
INSTALL_TARGET=''
INT64_FMT=''
JAR=''
JAVA=''
JAVAC=''
JAVACFLAGS=''
JMODSUFFIX=''
KILL=''
LDFLAGS=''
LIBCSO_LIBS=''
LIBJSO_LIBS=''
LIBOBJS=''
LIBS=''
LIBSO_LIBS=''
LIBTOOL=''
LIBTSO_LIBS=''
LIBTSO_MODSUFFIX=''
LIBTSO_MODULE=''
LIBXSO_LIBS=''
LN=''
LN_S=''
LTLIBOBJS=''
MAKEFILE_CC=''
MAKEFILE_CCLINK=''
MAKEFILE_CXX=''
MAKEFILE_CXXLINK=''
MAKEFILE_SOLINK=''
MAKEFILE_XSOLINK=''
MKDIR=''
MODSUFFIX=''
OBJEXT=''
OSDIR=''
PACKAGE_BUGREPORT='Oracle Technology Network Berkeley DB forum'
PACKAGE_NAME='Berkeley DB'
PACKAGE_STRING='Berkeley DB 4.7.25'
PACKAGE_TARNAME='db-4.7.25'
PACKAGE_VERSION='4.7.25'
PATH_SEPARATOR=':'
POSTLINK=''
RANLIB=''
REPLACEMENT_OBJS=''
RM=''
RPCGEN=''
RPC_CLIENT_OBJS=''
RPC_SERVER_H=''
SHELL='/bin/sh'
SOFLAGS=''
SOSUFFIX=''
STRIP=''
SWIGCFLAGS=''
TCL_BIN_DIR=''
TCL_INCLUDE_SPEC=''
TCL_LIB_FILE=''
TCL_SRC_DIR=''
TCL_TCLSH=''
TEST_LIBS=''
UINT64_FMT=''
_ACJNI_JAVAC=''
ac_ct_CC=''
ac_ct_CXX=''
ac_ct_F77=''
bindir='${exec_prefix}/bin'
build='i386-apple-darwin19.6.0'
build_alias=''
build_cpu='i386'
build_os='darwin19.6.0'
build_vendor='apple'
cxx_have_stdheaders=''
datadir='${datarootdir}'
datarootdir='${prefix}/share'
db_cv_path_sh=''
db_int_def=''
db_seq_decl=''
db_threadid_t_decl=''
docdir='/usr/BerkeleyDB/docs'
dvidir='${docdir}'
exec_prefix='NONE'
host='i386-apple-darwin19.6.0'
host_alias=''
host_cpu='i386'
host_os='darwin19.6.0'
host_vendor='apple'
htmldir='${docdir}'
includedir='${prefix}/include'
infodir='${datarootdir}/info'
int16_decl=''
int32_decl=''
int64_decl=''
inttypes_h_decl=''
libdir='${exec_prefix}/lib'
libexecdir='${exec_prefix}/libexec'
localedir='${datarootdir}/locale'
localstatedir='${prefix}/var'
mandir='${datarootdir}/man'
o=''
off_t_decl=''
oldincludedir='/usr/include'
pdfdir='${docdir}'
pid_t_decl=''
platform_footer=''
platform_header=''
prefix='/usr'
program_transform_name='s,x,x,'
psdir='${docdir}'
sbindir='${exec_prefix}/sbin'
sharedstatedir='${prefix}/com'
size_t_decl=''
ssize_t_decl=''
stddef_h_decl=''
stdint_h_decl=''
sysconfdir='${prefix}/etc'
target_alias=''
thread_h_decl=''
time_t_decl=''
u_char_decl=''
u_int16_decl=''
u_int32_decl=''
u_int64_decl=''
u_int8_decl=''
u_int_decl=''
u_long_decl=''
u_short_decl=''
uintmax_t_decl=''
uintptr_t_decl=''
unistd_h_decl=''
uudecode=''

## ----------- ##
## confdefs.h. ##
## ----------- ##

#define PACKAGE_NAME "Berkeley DB"
#define PACKAGE_TARNAME "db-4.7.25"
#define PACKAGE_VERSION "4.7.25"
#define PACKAGE_STRING "Berkeley DB 4.7.25"
#define PACKAGE_BUGREPORT "Oracle Technology Network Berkeley DB forum"

configure: exit 1
